<?xml version="1.0" encoding="UTF-8"?>
<!-- Generated by org.testng.reporters.JUnitXMLReporter -->
<testsuite hostname="DESKTOP-92RCTKU" name="Test Annotations2" tests="3" failures="0" timestamp="22 Sep 2019 08:52:13 GMT" time="0.031" errors="0">
  <testcase name="home1" time="0.0" classname="PracticePack.testTestNG2"/>
  <testcase name="login1" time="0.015" classname="PracticePack.testTestNG2"/>
  <testcase name="register1" time="0.0" classname="PracticePack.testTestNG2"/>
</testsuite> <!-- Test Annotations2 -->
