<?xml version="1.0" encoding="UTF-8"?>
<!-- Generated by org.testng.reporters.JUnitXMLReporter -->
<testsuite hostname="DESKTOP-92RCTKU" name="Test Annotations" tests="6" failures="0" timestamp="22 Sep 2019 08:55:24 GMT" time="0.054" errors="0">
  <testcase name="home" time="0.0" classname="PracticePack.testTestNG"/>
  <testcase name="login" time="0.0" classname="PracticePack.testTestNG"/>
  <testcase name="register" time="0.016" classname="PracticePack.testTestNG"/>
  <testcase name="home1" time="0.0" classname="PracticePack.testTestNG2"/>
  <testcase name="login1" time="0.0" classname="PracticePack.testTestNG2"/>
  <testcase name="register1" time="0.0" classname="PracticePack.testTestNG2"/>
</testsuite> <!-- Test Annotations -->
