<?xml version="1.0" encoding="UTF-8"?>
<!-- Generated by org.testng.reporters.JUnitXMLReporter -->
<testsuite hostname="DESKTOP-92RCTKU" name="Test Annotations -- 1" tests="3" failures="0" timestamp="22 Sep 2019 08:38:03 GMT" time="0.063" errors="0">
  <testcase name="register1" time="0.016" classname="PracticePack.testTestNG2"/>
  <testcase name="home1" time="0.0" classname="PracticePack.testTestNG2"/>
  <testcase name="login1" time="0.0" classname="PracticePack.testTestNG2"/>
</testsuite> <!-- Test Annotations - 1 -->
