<?xml version="1.0" encoding="UTF-8"?>
<testng-results skipped="0" failed="0" total="6" passed="6">
  <reporter-output>
  </reporter-output>
  <suite name="Suite Annotations" duration-ms="54" started-at="2019-09-22T08:55:24Z" finished-at="2019-09-22T08:55:24Z">
    <groups>
    </groups>
    <test name="Test Annotations" duration-ms="54" started-at="2019-09-22T08:55:24Z" finished-at="2019-09-22T08:55:24Z">
      <class name="PracticePack.testTestNG2">
        <test-method status="PASS" signature="login1()[pri:0, instance:PracticePack.testTestNG2@45c8e616]" name="login1" duration-ms="0" started-at="2019-09-22T14:25:24Z" finished-at="2019-09-22T14:25:24Z">
          <reporter-output>
          </reporter-output>
        </test-method> <!-- login1 -->
        <test-method status="PASS" signature="beforeClassSetup()[pri:0, instance:PracticePack.testTestNG2@45c8e616]" name="beforeClassSetup" is-config="true" duration-ms="0" started-at="2019-09-22T14:25:24Z" finished-at="2019-09-22T14:25:24Z">
          <reporter-output>
          </reporter-output>
        </test-method> <!-- beforeClassSetup -->
        <test-method status="PASS" signature="home1()[pri:0, instance:PracticePack.testTestNG2@45c8e616]" name="home1" duration-ms="0" started-at="2019-09-22T14:25:24Z" finished-at="2019-09-22T14:25:24Z">
          <reporter-output>
          </reporter-output>
        </test-method> <!-- home1 -->
        <test-method status="PASS" signature="register1()[pri:0, instance:PracticePack.testTestNG2@45c8e616]" name="register1" duration-ms="0" started-at="2019-09-22T14:25:24Z" finished-at="2019-09-22T14:25:24Z">
          <reporter-output>
          </reporter-output>
        </test-method> <!-- register1 -->
        <test-method status="PASS" signature="afterClassSetup()[pri:0, instance:PracticePack.testTestNG2@45c8e616]" name="afterClassSetup" is-config="true" duration-ms="0" started-at="2019-09-22T14:25:24Z" finished-at="2019-09-22T14:25:24Z">
          <reporter-output>
          </reporter-output>
        </test-method> <!-- afterClassSetup -->
      </class> <!-- PracticePack.testTestNG2 -->
      <class name="PracticePack.testTestNG">
        <test-method status="PASS" signature="beforeSuiteSetup()[pri:0, instance:PracticePack.testTestNG@1fbc7afb]" name="beforeSuiteSetup" is-config="true" duration-ms="16" started-at="2019-09-22T14:25:23Z" finished-at="2019-09-22T14:25:24Z">
          <reporter-output>
          </reporter-output>
        </test-method> <!-- beforeSuiteSetup -->
        <test-method status="PASS" signature="beforeTestSetup()[pri:0, instance:PracticePack.testTestNG@1fbc7afb]" name="beforeTestSetup" is-config="true" duration-ms="0" started-at="2019-09-22T14:25:24Z" finished-at="2019-09-22T14:25:24Z">
          <reporter-output>
          </reporter-output>
        </test-method> <!-- beforeTestSetup -->
        <test-method status="PASS" signature="beforeClassSetup()[pri:0, instance:PracticePack.testTestNG@1fbc7afb]" name="beforeClassSetup" is-config="true" duration-ms="0" started-at="2019-09-22T14:25:24Z" finished-at="2019-09-22T14:25:24Z">
          <reporter-output>
          </reporter-output>
        </test-method> <!-- beforeClassSetup -->
        <test-method status="PASS" signature="register()[pri:0, instance:PracticePack.testTestNG@1fbc7afb]" name="register" duration-ms="16" started-at="2019-09-22T14:25:24Z" finished-at="2019-09-22T14:25:24Z">
          <reporter-output>
          </reporter-output>
        </test-method> <!-- register -->
        <test-method status="PASS" signature="login()[pri:0, instance:PracticePack.testTestNG@1fbc7afb]" name="login" duration-ms="0" started-at="2019-09-22T14:25:24Z" finished-at="2019-09-22T14:25:24Z">
          <reporter-output>
          </reporter-output>
        </test-method> <!-- login -->
        <test-method status="PASS" signature="home()[pri:0, instance:PracticePack.testTestNG@1fbc7afb]" name="home" duration-ms="0" started-at="2019-09-22T14:25:24Z" finished-at="2019-09-22T14:25:24Z">
          <reporter-output>
          </reporter-output>
        </test-method> <!-- home -->
        <test-method status="PASS" signature="afterClassSetup()[pri:0, instance:PracticePack.testTestNG@1fbc7afb]" name="afterClassSetup" is-config="true" duration-ms="0" started-at="2019-09-22T14:25:24Z" finished-at="2019-09-22T14:25:24Z">
          <reporter-output>
          </reporter-output>
        </test-method> <!-- afterClassSetup -->
        <test-method status="PASS" signature="afterTestSetup()[pri:0, instance:PracticePack.testTestNG@1fbc7afb]" name="afterTestSetup" is-config="true" duration-ms="0" started-at="2019-09-22T14:25:24Z" finished-at="2019-09-22T14:25:24Z">
          <reporter-output>
          </reporter-output>
        </test-method> <!-- afterTestSetup -->
        <test-method status="PASS" signature="afterSuiteSetup()[pri:0, instance:PracticePack.testTestNG@1fbc7afb]" name="afterSuiteSetup" is-config="true" duration-ms="0" started-at="2019-09-22T14:25:24Z" finished-at="2019-09-22T14:25:24Z">
          <reporter-output>
          </reporter-output>
        </test-method> <!-- afterSuiteSetup -->
      </class> <!-- PracticePack.testTestNG -->
    </test> <!-- Test Annotations -->
  </suite> <!-- Suite Annotations -->
</testng-results>
